app/build/intermediates/manifest_merge_blame_file/debug/manifest-merger-blame-debug-report.txt
1<?xml version="1.0" encoding="utf-8"?>
2<manifest xmlns:android="http://schemas.android.com/apk/res/android"
3    package="com.example.wisata"
4    android:versionCode="1"
5    android:versionName="1.0" >
6
7    <uses-sdk
8        android:minSdkVersion="16"
8-->src\main\AndroidManifest.xml
9        android:targetSdkVersion="30" />
9-->src\main\AndroidManifest.xml
10
11    <application
11-->src\main\AndroidManifest.xml:5:5-40:19
12        android:allowBackup="true"
12-->src\main\AndroidManifest.xml:6:9-35
13        android:appComponentFactory="androidx.core.app.CoreComponentFactory"
13-->[androidx.core:core:1.3.1] AndroidManifest.xml:24:18-86
14        android:debuggable="true"
15        android:icon="@mipmap/ic_launcher"
15-->src\main\AndroidManifest.xml:7:9-43
16        android:label="@string/app_name"
16-->src\main\AndroidManifest.xml:8:9-41
17        android:roundIcon="@mipmap/ic_launcher_round"
17-->src\main\AndroidManifest.xml:9:9-54
18        android:supportsRtl="true"
18-->src\main\AndroidManifest.xml:10:9-35
19        android:testOnly="true"
20        android:theme="@style/Theme.Wisata" >
20-->src\main\AndroidManifest.xml:11:9-44
21        <activity android:name="com.example.wisata.About" />
21-->src\main\AndroidManifest.xml:12:9-52
21-->src\main\AndroidManifest.xml:12:19-40
22        <activity android:name="com.example.wisata.Kampoong" />
22-->src\main\AndroidManifest.xml:13:9-46
22-->src\main\AndroidManifest.xml:13:19-43
23        <activity android:name="com.example.wisata.Pondok" />
23-->src\main\AndroidManifest.xml:14:9-44
23-->src\main\AndroidManifest.xml:14:19-41
24        <activity android:name="com.example.wisata.Vihara" />
24-->src\main\AndroidManifest.xml:15:9-44
24-->src\main\AndroidManifest.xml:15:19-41
25        <activity android:name="com.example.wisata.Gereja" />
25-->src\main\AndroidManifest.xml:16:9-44
25-->src\main\AndroidManifest.xml:16:19-41
26        <activity android:name="com.example.wisata.Masjid" />
26-->src\main\AndroidManifest.xml:17:9-44
26-->src\main\AndroidManifest.xml:17:19-41
27        <activity android:name="com.example.wisata.WisataReligi" />
27-->src\main\AndroidManifest.xml:18:9-50
27-->src\main\AndroidManifest.xml:18:19-47
28        <activity android:name="com.example.wisata.WisataKuliner" />
28-->src\main\AndroidManifest.xml:19:9-51
28-->src\main\AndroidManifest.xml:19:19-48
29        <activity android:name="com.example.wisata.Pustaka" />
29-->src\main\AndroidManifest.xml:20:9-45
29-->src\main\AndroidManifest.xml:20:19-42
30        <activity android:name="com.example.wisata.KebunBinatang" />
30-->src\main\AndroidManifest.xml:21:9-51
30-->src\main\AndroidManifest.xml:21:19-48
31        <activity android:name="com.example.wisata.Museum" />
31-->src\main\AndroidManifest.xml:22:9-44
31-->src\main\AndroidManifest.xml:22:19-41
32        <activity android:name="com.example.wisata.WisataEdukasi" />
32-->src\main\AndroidManifest.xml:23:9-51
32-->src\main\AndroidManifest.xml:23:19-48
33        <activity android:name="com.example.wisata.RiauFantasi" />
33-->src\main\AndroidManifest.xml:24:9-49
33-->src\main\AndroidManifest.xml:24:19-46
34        <activity android:name="com.example.wisata.Okura" />
34-->src\main\AndroidManifest.xml:25:9-43
34-->src\main\AndroidManifest.xml:25:19-40
35        <activity android:name="com.example.wisata.HutanRaya" />
35-->src\main\AndroidManifest.xml:26:9-47
35-->src\main\AndroidManifest.xml:26:19-44
36        <activity android:name="com.example.wisata.AlamMayang" />
36-->src\main\AndroidManifest.xml:27:9-48
36-->src\main\AndroidManifest.xml:27:19-45
37        <activity android:name="com.example.wisata.AirTerjun" />
37-->src\main\AndroidManifest.xml:28:9-47
37-->src\main\AndroidManifest.xml:28:19-44
38        <activity android:name="com.example.wisata.WisataAlam" />
38-->src\main\AndroidManifest.xml:29:9-48
38-->src\main\AndroidManifest.xml:29:19-45
39        <activity android:name="com.example.wisata.Danau" />
39-->src\main\AndroidManifest.xml:30:9-43
39-->src\main\AndroidManifest.xml:30:19-40
40        <activity android:name="com.example.wisata.Alam" />
40-->src\main\AndroidManifest.xml:31:9-42
40-->src\main\AndroidManifest.xml:31:19-39
41        <activity android:name="com.example.wisata.MenuUtama" />
41-->src\main\AndroidManifest.xml:32:9-47
41-->src\main\AndroidManifest.xml:32:19-44
42        <activity android:name="com.example.wisata.MainActivity" >
42-->src\main\AndroidManifest.xml:33:9-39:20
42-->src\main\AndroidManifest.xml:33:19-47
43            <intent-filter>
43-->src\main\AndroidManifest.xml:34:13-38:29
44                <action android:name="android.intent.action.MAIN" />
44-->src\main\AndroidManifest.xml:35:17-69
44-->src\main\AndroidManifest.xml:35:25-66
45
46                <category android:name="android.intent.category.LAUNCHER" />
46-->src\main\AndroidManifest.xml:37:17-77
46-->src\main\AndroidManifest.xml:37:27-74
47            </intent-filter>
48        </activity>
49    </application>
50
51</manifest>